#
# There is insufficient memory for the Java Runtime Environment to continue.
# Native memory allocation (malloc) failed to allocate 128816 bytes for Chunk::new
# Possible reasons:
#   The system is out of physical RAM or swap space
#   The process is running with CompressedOops enabled, and the Java Heap may be blocking the growth of the native heap
# Possible solutions:
#   Reduce memory load on the system
#   Increase physical memory or swap space
#   Check if swap backing store is full
#   Decrease Java heap size (-Xmx/-Xms)
#   Decrease number of Java threads
#   Decrease Java thread stack sizes (-Xss)
#   Set larger code cache with -XX:ReservedCodeCacheSize=
#   JVM is running with Unscaled Compressed Oops mode in which the Java heap is
#     placed in the first 4GB address space. The Java Heap base address is the
#     maximum limit for the native heap growth. Please use -XX:HeapBaseMinAddress
#     to set the Java Heap base and to place the Java Heap above 4GB virtual address.
# This output file may be truncated or incomplete.
#
#  Out of Memory Error (allocation.cpp:389), pid=9608, tid=0x0000000000001474
#
# JRE version: OpenJDK Runtime Environment (8.0_242-b01) (build 1.8.0_242-release-1644-b01)
# Java VM: OpenJDK 64-Bit Server VM (25.242-b01 mixed mode windows-amd64 compressed oops)
# Failed to write core dump. Minidumps are not enabled by default on client versions of Windows
#

---------------  T H R E A D  ---------------

Current thread (0x0000000017ac5000):  JavaThread "C2 CompilerThread1" daemon [_thread_in_native, id=5236, stack(0x0000000019220000,0x0000000019320000)]

Stack: [0x0000000019220000,0x0000000019320000]
[error occurred during error reporting (printing stack bounds), id 0xc0000005]

Native frames: (J=compiled Java code, j=interpreted, Vv=VM code, C=native code)


Current CompileTask:
C2: 209605 3203       4       com.esotericsoftware.kryo.io.Input::readString (127 bytes)


---------------  P R O C E S S  ---------------

Java Threads: ( => current thread )
  0x000000001b029000 JavaThread "Cache worker for file content cache (C:\Users\tapiwa\.gradle\caches\6.5\fileContent)" [_thread_blocked, id=6624, stack(0x0000000021d10000,0x0000000021e10000)]
  0x000000001b026800 JavaThread "Cache worker for execution history cache (C:\Users\tapiwa\.gradle\caches\6.5\executionHistory)" [_thread_blocked, id=10020, stack(0x000000001f510000,0x000000001f610000)]
  0x000000001b025000 JavaThread "Cache worker for cache directory md-rule (C:\Users\tapiwa\.gradle\caches\6.5\md-rule)" [_thread_blocked, id=2060, stack(0x000000001f410000,0x000000001f510000)]
  0x000000001b023800 JavaThread "Cache worker for cache directory md-supplier (C:\Users\tapiwa\.gradle\caches\6.5\md-supplier)" [_thread_blocked, id=5300, stack(0x000000001f310000,0x000000001f410000)]
  0x000000001b026000 JavaThread "Cache worker for checksums cache (C:\Users\tapiwa\AndroidStudioProjects\Tinder\.gradle\checksums)" [_thread_blocked, id=10344, stack(0x000000001f210000,0x000000001f310000)]
  0x000000001b02a800 JavaThread "Cache worker for file hash cache (C:\Users\tapiwa\AndroidStudioProjects\Tinder\.gradle\6.5\fileHashes)" [_thread_blocked, id=8360, stack(0x000000001ef10000,0x000000001f010000)]
  0x000000001b028000 JavaThread "Cache worker for file hash cache (C:\Users\tapiwa\.gradle\caches\6.5\fileHashes)" [_thread_blocked, id=5152, stack(0x000000001da40000,0x000000001db40000)]
  0x000000001b029800 JavaThread "File lock request listener" [_thread_in_native, id=10492, stack(0x000000001d940000,0x000000001da40000)]
  0x000000001a91b800 JavaThread "Cache worker for journal cache (C:\Users\tapiwa\.gradle\caches\journal-1)" [_thread_blocked, id=6584, stack(0x000000001d840000,0x000000001d940000)]
  0x000000001a1be800 JavaThread "Thread-9" [_thread_blocked, id=1276, stack(0x000000001c570000,0x000000001c670000)]
  0x000000001a9b1800 JavaThread "Asynchronous log dispatcher for DefaultDaemonConnection: socket connection from /127.0.0.1:61099 to /127.0.0.1:61100" [_thread_blocked, id=6952, stack(0x000000001c370000,0x000000001c470000)]
  0x0000000019e66800 JavaThread "Daemon worker" [_thread_in_native, id=8496, stack(0x000000001c270000,0x000000001c370000)]
  0x000000001a05a800 JavaThread "Cancel handler" [_thread_blocked, id=7380, stack(0x000000001c170000,0x000000001c270000)]
  0x000000001a9b0800 JavaThread "Handler for socket connection from /127.0.0.1:61099 to /127.0.0.1:61100" [_thread_in_native, id=10612, stack(0x000000001be70000,0x000000001bf70000)]
  0x0000000019796800 JavaThread "Daemon" [_thread_blocked, id=7592, stack(0x000000001bd70000,0x000000001be70000)]
  0x000000001a4a5000 JavaThread "Daemon periodic checks" [_thread_blocked, id=8560, stack(0x000000001bc70000,0x000000001bd70000)]
  0x000000001ac9b800 JavaThread "Incoming local TCP Connector on port 61099" [_thread_in_native, id=3488, stack(0x000000001ba30000,0x000000001bb30000)]
  0x000000001a80a000 JavaThread "Daemon health stats" [_thread_blocked, id=7672, stack(0x000000001b3f0000,0x000000001b4f0000)]
  0x0000000019440800 JavaThread "Service Thread" daemon [_thread_blocked, id=10152, stack(0x0000000019820000,0x0000000019920000)]
  0x0000000017ac9800 JavaThread "C1 CompilerThread2" daemon [_thread_blocked, id=2268, stack(0x0000000019320000,0x0000000019420000)]
=>0x0000000017ac5000 JavaThread "C2 CompilerThread1" daemon [_thread_in_native, id=5236, stack(0x0000000019220000,0x0000000019320000)]
  0x0000000017ab6800 JavaThread "C2 CompilerThread0" daemon [_thread_blocked, id=9984, stack(0x0000000019120000,0x0000000019220000)]
  0x0000000017ab5800 JavaThread "Attach Listener" daemon [_thread_blocked, id=9332, stack(0x0000000019020000,0x0000000019120000)]
  0x0000000017ab1800 JavaThread "Signal Dispatcher" daemon [_thread_blocked, id=10484, stack(0x0000000018f20000,0x0000000019020000)]
  0x0000000002e8c000 JavaThread "Finalizer" daemon [_thread_blocked, id=2272, stack(0x0000000018d20000,0x0000000018e20000)]
  0x0000000017a99000 JavaThread "Reference Handler" daemon [_thread_blocked, id=9280, stack(0x0000000018c20000,0x0000000018d20000)]
  0x0000000002c1d800 JavaThread "main" [_thread_blocked, id=8648, stack(0x0000000002c90000,0x0000000002d90000)]

Other Threads:
  0x0000000017a76000 VMThread [stack: 0x0000000018b20000,0x0000000018c20000] [id=9372]
  0x0000000017b0d000 WatcherThread [stack: 0x0000000019920000,0x0000000019a20000] [id=9556]

VM state:not at safepoint (normal execution)

VM Mutex/Monitor currently owned by a thread: None

heap address: 0x0000000080000000, size: 2048 MB, Compressed Oops mode: 32-bit
Narrow klass base: 0x0000000000000000, Narrow klass shift: 3
Compressed class space size: 1073741824 Address: 0x0000000100000000

Heap:
 PSYoungGen      total 19968K, used 15537K [0x00000000d5580000, 0x00000000d6d80000, 0x0000000100000000)
  eden space 15360K, 93% used [0x00000000d5580000,0x00000000d638d660,0x00000000d6480000)
  from space 4608K, 24% used [0x00000000d6480000,0x00000000d659ee50,0x00000000d6900000)
  to   space 4608K, 0% used [0x00000000d6900000,0x00000000d6900000,0x00000000d6d80000)
 ParOldGen       total 31744K, used 13431K [0x0000000080000000, 0x0000000081f00000, 0x00000000d5580000)
  object space 31744K, 42% used [0x0000000080000000,0x0000000080d1df90,0x0000000081f00000)
 Metaspace       used 35717K, capacity 36972K, committed 37288K, reserved 1081344K
  class space    used 4900K, capacity 5179K, committed 5296K, reserved 1048576K

Card table byte_map: [0x0000000012250000,0x0000000012660000] byte_map_base: 0x0000000011e50000

Marking Bits: (ParMarkBitMap*) 0x000000005f3cf030
 Begin Bits: [0x0000000012d10000, 0x0000000014d10000)
 End Bits:   [0x0000000014d10000, 0x0000000016d10000)

Polling page: 0x0000000001330000

CodeCache: size=245760Kb used=10232Kb max_used=10447Kb free=235527Kb
 bounds [0x0000000002e90000, 0x00000000038d0000, 0x0000000011e90000]
 total_blobs=3585 nmethods=2885 adapters=613
 compilation: enabled

Compilation events (10 events):
Event: 204.231 Thread 0x0000000017ac9800 nmethod 3201 0x0000000003091650 code [0x00000000030917e0, 0x0000000003091ba8]
Event: 205.934 Thread 0x0000000017ac5000 3203       4       com.esotericsoftware.kryo.io.Input::readString (127 bytes)
Event: 205.934 Thread 0x0000000017ac9800 3204   !   3       java.util.concurrent.ConcurrentHashMap::initTable (115 bytes)
Event: 205.936 Thread 0x0000000017ac9800 nmethod 3204 0x0000000003265050 code [0x00000000032651e0, 0x0000000003265728]
Event: 205.937 Thread 0x0000000017ac9800 3205       3       java.util.Collections::emptySet (4 bytes)
Event: 205.937 Thread 0x0000000017ac9800 nmethod 3205 0x0000000002fdee90 code [0x0000000002fdefe0, 0x0000000002fdf110]
Event: 205.938 Thread 0x0000000017ab6800 3206       4       com.google.common.collect.AbstractIndexedListIterator::next (31 bytes)
Event: 205.939 Thread 0x0000000017ac9800 3207       3       java.util.ArrayDeque::getFirst (24 bytes)
Event: 205.940 Thread 0x0000000017ac9800 nmethod 3207 0x0000000002ffc450 code [0x0000000002ffc5c0, 0x0000000002ffc848]
Event: 205.942 Thread 0x0000000017ab6800 nmethod 3206 0x0000000003491a50 code [0x0000000003491ba0, 0x0000000003491c78]

GC Heap History (10 events):
Event: 115.065 GC heap before
{Heap before GC invocations=23 (full 1):
 PSYoungGen      total 20480K, used 16837K [0x00000000d5580000, 0x00000000d6e80000, 0x0000000100000000)
  eden space 15360K, 100% used [0x00000000d5580000,0x00000000d6480000,0x00000000d6480000)
  from space 5120K, 28% used [0x00000000d6480000,0x00000000d65f1438,0x00000000d6980000)
  to   space 5120K, 0% used [0x00000000d6980000,0x00000000d6980000,0x00000000d6e80000)
 ParOldGen       total 25088K, used 12036K [0x0000000080000000, 0x0000000081880000, 0x00000000d5580000)
  object space 25088K, 47% used [0x0000000080000000,0x0000000080bc12a8,0x0000000081880000)
 Metaspace       used 33429K, capacity 34578K, committed 34864K, reserved 1079296K
  class space    used 4581K, capacity 4858K, committed 4912K, reserved 1048576K
Event: 115.069 GC heap after
Heap after GC invocations=23 (full 1):
 PSYoungGen      total 19456K, used 1192K [0x00000000d5580000, 0x00000000d6d80000, 0x0000000100000000)
  eden space 15360K, 0% used [0x00000000d5580000,0x00000000d5580000,0x00000000d6480000)
  from space 4096K, 29% used [0x00000000d6980000,0x00000000d6aaa358,0x00000000d6d80000)
  to   space 4608K, 0% used [0x00000000d6480000,0x00000000d6480000,0x00000000d6900000)
 ParOldGen       total 25088K, used 12996K [0x0000000080000000, 0x0000000081880000, 0x00000000d5580000)
  object space 25088K, 51% used [0x0000000080000000,0x0000000080cb12c8,0x0000000081880000)
 Metaspace       used 33429K, capacity 34578K, committed 34864K, reserved 1079296K
  class space    used 4581K, capacity 4858K, committed 4912K, reserved 1048576K
}
Event: 118.277 GC heap before
{Heap before GC invocations=24 (full 1):
 PSYoungGen      total 19456K, used 16552K [0x00000000d5580000, 0x00000000d6d80000, 0x0000000100000000)
  eden space 15360K, 100% used [0x00000000d5580000,0x00000000d6480000,0x00000000d6480000)
  from space 4096K, 29% used [0x00000000d6980000,0x00000000d6aaa358,0x00000000d6d80000)
  to   space 4608K, 0% used [0x00000000d6480000,0x00000000d6480000,0x00000000d6900000)
 ParOldGen       total 25088K, used 12996K [0x0000000080000000, 0x0000000081880000, 0x00000000d5580000)
  object space 25088K, 51% used [0x0000000080000000,0x0000000080cb12c8,0x0000000081880000)
 Metaspace       used 34092K, capacity 35188K, committed 35496K, reserved 1079296K
  class space    used 4690K, capacity 4969K, committed 5040K, reserved 1048576K
Event: 118.283 GC heap after
Heap after GC invocations=24 (full 1):
 PSYoungGen      total 19968K, used 1056K [0x00000000d5580000, 0x00000000d6d80000, 0x0000000100000000)
  eden space 15360K, 0% used [0x00000000d5580000,0x00000000d5580000,0x00000000d6480000)
  from space 4608K, 22% used [0x00000000d6480000,0x00000000d6588000,0x00000000d6900000)
  to   space 4608K, 0% used [0x00000000d6900000,0x00000000d6900000,0x00000000d6d80000)
 ParOldGen       total 25088K, used 13500K [0x0000000080000000, 0x0000000081880000, 0x00000000d5580000)
  object space 25088K, 53% used [0x0000000080000000,0x0000000080d2f2c8,0x0000000081880000)
 Metaspace       used 34092K, capacity 35188K, committed 35496K, reserved 1079296K
  class space    used 4690K, capacity 4969K, committed 5040K, reserved 1048576K
}
Event: 123.821 GC heap before
{Heap before GC invocations=25 (full 1):
 PSYoungGen      total 19968K, used 6026K [0x00000000d5580000, 0x00000000d6d80000, 0x0000000100000000)
  eden space 15360K, 32% used [0x00000000d5580000,0x00000000d5a5a958,0x00000000d6480000)
  from space 4608K, 22% used [0x00000000d6480000,0x00000000d6588000,0x00000000d6900000)
  to   space 4608K, 0% used [0x00000000d6900000,0x00000000d6900000,0x00000000d6d80000)
 ParOldGen       total 25088K, used 13500K [0x0000000080000000, 0x0000000081880000, 0x00000000d5580000)
  object space 25088K, 53% used [0x0000000080000000,0x0000000080d2f2c8,0x0000000081880000)
 Metaspace       used 34288K, capacity 35414K, committed 35496K, reserved 1079296K
  class space    used 4719K, capacity 5002K, committed 5040K, reserved 1048576K
Event: 123.826 GC heap after
Heap after GC invocations=25 (full 1):
 PSYoungGen      total 19968K, used 396K [0x00000000d5580000, 0x00000000d6d80000, 0x0000000100000000)
  eden space 15360K, 0% used [0x00000000d5580000,0x00000000d5580000,0x00000000d6480000)
  from space 4608K, 8% used [0x00000000d6900000,0x00000000d6963360,0x00000000d6d80000)
  to   space 4608K, 0% used [0x00000000d6480000,0x00000000d6480000,0x00000000d6900000)
 ParOldGen       total 25088K, used 13852K [0x0000000080000000, 0x0000000081880000, 0x00000000d5580000)
  object space 25088K, 55% used [0x0000000080000000,0x0000000080d872c8,0x0000000081880000)
 Metaspace       used 34288K, capacity 35414K, committed 35496K, reserved 1079296K
  class space    used 4719K, capacity 5002K, committed 5040K, reserved 1048576K
}
Event: 123.826 GC heap before
{Heap before GC invocations=26 (full 2):
 PSYoungGen      total 19968K, used 396K [0x00000000d5580000, 0x00000000d6d80000, 0x0000000100000000)
  eden space 15360K, 0% used [0x00000000d5580000,0x00000000d5580000,0x00000000d6480000)
  from space 4608K, 8% used [0x00000000d6900000,0x00000000d6963360,0x00000000d6d80000)
  to   space 4608K, 0% used [0x00000000d6480000,0x00000000d6480000,0x00000000d6900000)
 ParOldGen       total 25088K, used 13852K [0x0000000080000000, 0x0000000081880000, 0x00000000d5580000)
  object space 25088K, 55% used [0x0000000080000000,0x0000000080d872c8,0x0000000081880000)
 Metaspace       used 34288K, capacity 35414K, committed 35496K, reserved 1079296K
  class space    used 4719K, capacity 5002K, committed 5040K, reserved 1048576K
Event: 124.137 GC heap after
Heap after GC invocations=26 (full 2):
 PSYoungGen      total 19968K, used 0K [0x00000000d5580000, 0x00000000d6d80000, 0x0000000100000000)
  eden space 15360K, 0% used [0x00000000d5580000,0x00000000d5580000,0x00000000d6480000)
  from space 4608K, 0% used [0x00000000d6900000,0x00000000d6900000,0x00000000d6d80000)
  to   space 4608K, 0% used [0x00000000d6480000,0x00000000d6480000,0x00000000d6900000)
 ParOldGen       total 31744K, used 13431K [0x0000000080000000, 0x0000000081f00000, 0x00000000d5580000)
  object space 31744K, 42% used [0x0000000080000000,0x0000000080d1df90,0x0000000081f00000)
 Metaspace       used 34288K, capacity 35414K, committed 35496K, reserved 1079296K
  class space    used 4719K, capacity 5002K, committed 5040K, reserved 1048576K
}
Event: 148.488 GC heap before
{Heap before GC invocations=27 (full 2):
 PSYoungGen      total 19968K, used 15360K [0x00000000d5580000, 0x00000000d6d80000, 0x0000000100000000)
  eden space 15360K, 100% used [0x00000000d5580000,0x00000000d6480000,0x00000000d6480000)
  from space 4608K, 0% used [0x00000000d6900000,0x00000000d6900000,0x00000000d6d80000)
  to   space 4608K, 0% used [0x00000000d6480000,0x00000000d6480000,0x00000000d6900000)
 ParOldGen       total 31744K, used 13431K [0x0000000080000000, 0x0000000081f00000, 0x00000000d5580000)
  object space 31744K, 42% used [0x0000000080000000,0x0000000080d1df90,0x0000000081f00000)
 Metaspace       used 35074K, capacity 36226K, committed 36392K, reserved 1081344K
  class space    used 4829K, capacity 5096K, committed 5168K, reserved 1048576K
Event: 148.492 GC heap after
Heap after GC invocations=27 (full 2):
 PSYoungGen      total 19968K, used 1147K [0x00000000d5580000, 0x00000000d6d80000, 0x0000000100000000)
  eden space 15360K, 0% used [0x00000000d5580000,0x00000000d5580000,0x00000000d6480000)
  from space 4608K, 24% used [0x00000000d6480000,0x00000000d659ee50,0x00000000d6900000)
  to   space 4608K, 0% used [0x00000000d6900000,0x00000000d6900000,0x00000000d6d80000)
 ParOldGen       total 31744K, used 13431K [0x0000000080000000, 0x0000000081f00000, 0x00000000d5580000)
  object space 31744K, 42% used [0x0000000080000000,0x0000000080d1df90,0x0000000081f00000)
 Metaspace       used 35074K, capacity 36226K, committed 36392K, reserved 1081344K
  class space    used 4829K, capacity 5096K, committed 5168K, reserved 1048576K
}

Deoptimization events (10 events):
Event: 111.248 Thread 0x0000000019e66800 Uncommon trap: reason=bimorphic action=maybe_recompile pc=0x0000000003762048 method=org.codehaus.groovy.runtime.metaclass.MetaMethodIndex.addMethodToList(Ljava/lang/Object;Lgroovy/lang/MetaMethod;)Ljava/lang/Object; @ 130
Event: 111.248 Thread 0x0000000019e66800 Uncommon trap: reason=bimorphic action=maybe_recompile pc=0x0000000003762048 method=org.codehaus.groovy.runtime.metaclass.MetaMethodIndex.addMethodToList(Ljava/lang/Object;Lgroovy/lang/MetaMethod;)Ljava/lang/Object; @ 130
Event: 111.249 Thread 0x0000000019e66800 Uncommon trap: reason=bimorphic action=maybe_recompile pc=0x0000000003762048 method=org.codehaus.groovy.runtime.metaclass.MetaMethodIndex.addMethodToList(Ljava/lang/Object;Lgroovy/lang/MetaMethod;)Ljava/lang/Object; @ 130
Event: 111.249 Thread 0x0000000019e66800 Uncommon trap: reason=class_check action=maybe_recompile pc=0x0000000003762064 method=org.codehaus.groovy.runtime.metaclass.MetaMethodIndex.addMethodToList(Ljava/lang/Object;Lgroovy/lang/MetaMethod;)Ljava/lang/Object; @ 240
Event: 111.249 Thread 0x0000000019e66800 Uncommon trap: reason=class_check action=maybe_recompile pc=0x0000000003762064 method=org.codehaus.groovy.runtime.metaclass.MetaMethodIndex.addMethodToList(Ljava/lang/Object;Lgroovy/lang/MetaMethod;)Ljava/lang/Object; @ 240
Event: 111.249 Thread 0x0000000019e66800 Uncommon trap: reason=class_check action=maybe_recompile pc=0x0000000003762064 method=org.codehaus.groovy.runtime.metaclass.MetaMethodIndex.addMethodToList(Ljava/lang/Object;Lgroovy/lang/MetaMethod;)Ljava/lang/Object; @ 240
Event: 111.249 Thread 0x0000000019e66800 Uncommon trap: reason=class_check action=maybe_recompile pc=0x0000000003762064 method=org.codehaus.groovy.runtime.metaclass.MetaMethodIndex.addMethodToList(Ljava/lang/Object;Lgroovy/lang/MetaMethod;)Ljava/lang/Object; @ 240
Event: 112.772 Thread 0x0000000019e66800 Uncommon trap: reason=unstable_if action=reinterpret pc=0x000000000376b038 method=org.codehaus.groovy.runtime.metaclass.MetaMethodIndex.addMethodToList(Ljava/lang/Object;Lgroovy/lang/MetaMethod;)Ljava/lang/Object; @ 226
Event: 112.877 Thread 0x0000000019e66800 Uncommon trap: reason=class_check action=maybe_recompile pc=0x000000000333b35c method=java.util.WeakHashMap.eq(Ljava/lang/Object;Ljava/lang/Object;)Z @ 7
Event: 113.488 Thread 0x0000000019e66800 Uncommon trap: reason=range_check action=make_not_entrant pc=0x00000000037035b4 method=java.lang.String.charAt(I)C @ 27

Classes redefined (0 events):
No events

Internal exceptions (10 events):
Event: 112.894 Thread 0x0000000019e66800 Exception <a 'java/lang/ClassNotFoundException': org/gradle/api/internal/artifacts/dsl/DefaultRepositoryHandler_DecoratedCustomizer> (0x00000000d56a6928) thrown at [C:\src\AOSP-openjdk-git\hotspot\src\share\vm\classfile\systemDictionary.cpp, line 210]
Event: 115.071 Thread 0x0000000019e66800 Exception <a 'java/lang/ClassNotFoundException': org/gradle/api/internal/artifacts/dsl/dependencies/DefaultDependencyHandler_DecoratedBeanInfo> (0x00000000d55f3d10) thrown at [C:\src\AOSP-openjdk-git\hotspot\src\share\vm\classfile\systemDictionary.cpp, li
Event: 115.072 Thread 0x0000000019e66800 Exception <a 'java/lang/ClassNotFoundException': org/gradle/api/internal/artifacts/dsl/dependencies/DefaultDependencyHandlerBeanInfo> (0x00000000d564c668) thrown at [C:\src\AOSP-openjdk-git\hotspot\src\share\vm\classfile\systemDictionary.cpp, line 210]
Event: 115.073 Thread 0x0000000019e66800 Exception <a 'java/lang/ClassNotFoundException': org/gradle/api/internal/artifacts/dsl/dependencies/DefaultDependencyHandlerCustomizer> (0x00000000d56a6318) thrown at [C:\src\AOSP-openjdk-git\hotspot\src\share\vm\classfile\systemDictionary.cpp, line 210]
Event: 115.076 Thread 0x0000000019e66800 Exception <a 'java/lang/ClassNotFoundException': org/gradle/api/internal/artifacts/dsl/dependencies/DefaultDependencyHandler_DecoratedCustomizer> (0x00000000d57310d8) thrown at [C:\src\AOSP-openjdk-git\hotspot\src\share\vm\classfile\systemDictionary.cpp, 
Event: 116.558 Thread 0x0000000019e66800 Exception <a 'java/lang/NoSuchMethodError': java.lang.Object.lambda$static$0(Lorg/gradle/api/internal/artifacts/configurations/MutationValidator$MutationType;)V> (0x00000000d5e40de0) thrown at [C:\src\AOSP-openjdk-git\hotspot\src\share\vm\interpreter\link
Event: 129.564 Thread 0x0000000019e66800 Exception <a 'java/lang/NoSuchMethodError': java.lang.Object.lambda$static$0(Lorg/gradle/internal/component/model/DependencyMetadata;)Lorg/gradle/api/internal/artifacts/ivyservice/dependencysubstitution/DependencySubstitutionApplicator$SubstitutionResult;
Event: 137.099 Thread 0x0000000019e66800 Exception <a 'java/lang/IncompatibleClassChangeError': Found class java.lang.Object, but interface was expected> (0x00000000d5e23a48) thrown at [C:\src\AOSP-openjdk-git\hotspot\src\share\vm\interpreter\linkResolver.cpp, line 653]
Event: 137.102 Thread 0x0000000019e66800 Exception <a 'java/lang/NoSuchMethodError': java.lang.Object.lambda$thenComparing$36697e65$1(Ljava/util/Comparator;Ljava/lang/Object;Ljava/lang/Object;)I> (0x00000000d5e2f4f8) thrown at [C:\src\AOSP-openjdk-git\hotspot\src\share\vm\interpreter\linkResolve
Event: 158.766 Thread 0x0000000019e66800 Exception <a 'java/lang/NoSuchMethodError': java.lang.Object.lambda$static$0()Z> (0x00000000d5a7e038) thrown at [C:\src\AOSP-openjdk-git\hotspot\src\share\vm\interpreter\linkResolver.cpp, line 620]

Events (10 events):
Event: 206.428 loading class org/apache/ivy/plugins/matcher/PatternMatcher
Event: 206.428 loading class org/apache/ivy/plugins/matcher/PatternMatcher done
Event: 207.307 loading class org/gradle/api/internal/artifacts/ivyservice/resolveengine/excludes/simple/DefaultModuleIdExclude
Event: 207.307 loading class org/gradle/api/internal/artifacts/ivyservice/resolveengine/excludes/simple/DefaultModuleIdExclude done
Event: 207.989 loading class org/gradle/api/internal/artifacts/ivyservice/resolveengine/excludes/specs/ModuleIdExclude
Event: 207.989 loading class org/gradle/api/internal/artifacts/ivyservice/resolveengine/excludes/specs/ModuleIdExclude done
Event: 208.144 loading class org/gradle/api/internal/artifacts/ivyservice/resolveengine/excludes/factories/OptimizingExcludeFactory
Event: 208.144 loading class org/gradle/api/internal/artifacts/ivyservice/resolveengine/excludes/factories/OptimizingExcludeFactory done
Event: 208.145 loading class org/gradle/api/internal/artifacts/ivyservice/resolveengine/excludes/factories/CachingExcludeFactory$ExcludePair
Event: 208.145 loading class org/gradle/api/internal/artifacts/ivyservice/resolveengine/excludes/factories/CachingExcludeFactory$ExcludePair done


Dynamic libraries:
0x00007ff613490000 - 0x00007ff6134c1000 	C:\Program Files\Android\Android Studio\jre\bin\java.exe
0x00007ff8c1e30000 - 0x00007ff8c2025000 	C:\WINDOWS\SYSTEM32\ntdll.dll
0x00007ff8a5610000 - 0x00007ff8a5626000 	C:\Program Files\AVAST Software\Avast\aswhook.dll
0x00007ff8c1bd0000 - 0x00007ff8c1c8e000 	C:\WINDOWS\System32\KERNEL32.DLL
0x00007ff8bfbb0000 - 0x00007ff8bfe79000 	C:\WINDOWS\System32\KERNELBASE.dll
0x00007ff8c1740000 - 0x00007ff8c17ec000 	C:\WINDOWS\System32\ADVAPI32.dll
0x00007ff8c0430000 - 0x00007ff8c04ce000 	C:\WINDOWS\System32\msvcrt.dll
0x00007ff8c1cf0000 - 0x00007ff8c1d8b000 	C:\WINDOWS\System32\sechost.dll
0x00007ff8c13e0000 - 0x00007ff8c150a000 	C:\WINDOWS\System32\RPCRT4.dll
0x00007ff8c18c0000 - 0x00007ff8c1a61000 	C:\WINDOWS\System32\USER32.dll
0x00007ff8bf700000 - 0x00007ff8bf722000 	C:\WINDOWS\System32\win32u.dll
0x00007ff8c1600000 - 0x00007ff8c162b000 	C:\WINDOWS\System32\GDI32.dll
0x00007ff8bf550000 - 0x00007ff8bf65b000 	C:\WINDOWS\System32\gdi32full.dll
0x00007ff8bf660000 - 0x00007ff8bf6fd000 	C:\WINDOWS\System32\msvcp_win.dll
0x00007ff8bf7e0000 - 0x00007ff8bf8e0000 	C:\WINDOWS\System32\ucrtbase.dll
0x00007ff8a6820000 - 0x00007ff8a6aba000 	C:\WINDOWS\WinSxS\amd64_microsoft.windows.common-controls_6595b64144ccf1df_6.0.19041.1110_none_60b5254171f9507e\COMCTL32.dll
0x00007ff8c1630000 - 0x00007ff8c1660000 	C:\WINDOWS\System32\IMM32.DLL
0x000000005ea40000 - 0x000000005eb12000 	C:\Program Files\Android\Android Studio\jre\jre\bin\msvcr100.dll
0x000000005ec00000 - 0x000000005f44b000 	C:\Program Files\Android\Android Studio\jre\jre\bin\server\jvm.dll
0x00007ff8bfe80000 - 0x00007ff8bfe88000 	C:\WINDOWS\System32\PSAPI.DLL
0x00007ff8baa10000 - 0x00007ff8baa19000 	C:\WINDOWS\SYSTEM32\WSOCK32.dll
0x00007ff8c17f0000 - 0x00007ff8c185b000 	C:\WINDOWS\System32\WS2_32.dll
0x00007ff8a8be0000 - 0x00007ff8a8c07000 	C:\WINDOWS\SYSTEM32\WINMM.dll
0x00007ff8b87c0000 - 0x00007ff8b87ca000 	C:\WINDOWS\SYSTEM32\VERSION.dll
0x00007ff8bb150000 - 0x00007ff8bb15f000 	C:\Program Files\Android\Android Studio\jre\jre\bin\verify.dll
0x00007ff8a67b0000 - 0x00007ff8a67d9000 	C:\Program Files\Android\Android Studio\jre\jre\bin\java.dll
0x00007ff8bab40000 - 0x00007ff8bab56000 	C:\Program Files\Android\Android Studio\jre\jre\bin\zip.dll
0x00007ff8c0b00000 - 0x00007ff8c123f000 	C:\WINDOWS\System32\SHELL32.dll
0x00007ff8bd650000 - 0x00007ff8bdde0000 	C:\WINDOWS\SYSTEM32\windows.storage.dll
0x00007ff8c00d0000 - 0x00007ff8c0425000 	C:\WINDOWS\System32\combase.dll
0x00007ff8beed0000 - 0x00007ff8beefc000 	C:\WINDOWS\SYSTEM32\Wldp.dll
0x00007ff8c1a70000 - 0x00007ff8c1b1e000 	C:\WINDOWS\System32\SHCORE.dll
0x00007ff8bfe90000 - 0x00007ff8bfee5000 	C:\WINDOWS\System32\shlwapi.dll
0x00007ff8bf490000 - 0x00007ff8bf4af000 	C:\WINDOWS\SYSTEM32\profapi.dll
0x00007ff8b6930000 - 0x00007ff8b694a000 	C:\Program Files\Android\Android Studio\jre\jre\bin\net.dll
0x00007ff8bec30000 - 0x00007ff8bec9a000 	C:\WINDOWS\system32\mswsock.dll
0x00007ff8b0b90000 - 0x00007ff8b0ba3000 	C:\Program Files\Android\Android Studio\jre\jre\bin\nio.dll
0x00007ff8b6da0000 - 0x00007ff8b6dc7000 	C:\Users\tapiwa\.gradle\native\f6784746aeab05261644944871eae4fe03e0ef1612fff0a4a95f87b438bc6780\windows-amd64\native-platform.dll
0x00007ff8bb140000 - 0x00007ff8bb14d000 	C:\Program Files\Android\Android Studio\jre\jre\bin\management.dll
0x00007ff8bee20000 - 0x00007ff8bee38000 	C:\WINDOWS\SYSTEM32\CRYPTSP.dll
0x00007ff8be5b0000 - 0x00007ff8be5e4000 	C:\WINDOWS\system32\rsaenh.dll
0x00007ff8bf990000 - 0x00007ff8bf9b7000 	C:\WINDOWS\System32\bcrypt.dll
0x00007ff8bf3c0000 - 0x00007ff8bf3ee000 	C:\WINDOWS\SYSTEM32\USERENV.dll
0x00007ff8bfb20000 - 0x00007ff8bfba3000 	C:\WINDOWS\System32\bcryptprimitives.dll
0x00007ff8bee40000 - 0x00007ff8bee4c000 	C:\WINDOWS\SYSTEM32\CRYPTBASE.dll
0x00007ff8be920000 - 0x00007ff8be95b000 	C:\WINDOWS\SYSTEM32\IPHLPAPI.DLL
0x00007ff8c15f0000 - 0x00007ff8c15f8000 	C:\WINDOWS\System32\NSI.dll
0x00007ff8b8030000 - 0x00007ff8b8047000 	C:\WINDOWS\SYSTEM32\dhcpcsvc6.DLL
0x00007ff8b8350000 - 0x00007ff8b836d000 	C:\WINDOWS\SYSTEM32\dhcpcsvc.DLL
0x00007ff8be970000 - 0x00007ff8bea3c000 	C:\WINDOWS\SYSTEM32\DNSAPI.dll
0x00007ff8b9560000 - 0x00007ff8b956b000 	C:\WINDOWS\SYSTEM32\WINNSI.DLL

VM Arguments:
jvm_args: -Xmx2048m -Dfile.encoding=UTF-8 -Duser.country=ZA -Duser.language=en -Duser.variant 
java_command: org.gradle.launcher.daemon.bootstrap.GradleDaemon 6.5
java_class_path (initial): C:\Users\tapiwa\.gradle\wrapper\dists\gradle-6.5-all\2oz4ud9k3tuxjg84bbf55q0tn\gradle-6.5\lib\gradle-launcher-6.5.jar
Launcher Type: SUN_STANDARD

Environment Variables:
PATH=C:\ProgramData\Oracle\Java\javapath;C:\Program Files (x86)\NVIDIA Corporation\PhysX\Common;C:\WINDOWS\system32;C:\WINDOWS;C:\WINDOWS\System32\Wbem;C:\WINDOWS\System32\WindowsPowerShell\v1.0\;C:\Program Files\dotnet\;C:\Program Files (x86)\dotnet\;C:\Program Files\Git\cmd;C:\Program Files\nodejs\;C:\WINDOWS\System32\OpenSSH\;C:\Users\tapiwa\AppData\Local\Microsoft\WindowsApps;C:\Users\tapiwa\.dotnet\tools;C:\Users\tapiwa\AppData\Local\Programs\Microsoft VS Code\bin;C:\Users\tapiwa\AppData\Local\GitHubDesktop\bin;C:\Users\tapiwa\AppData\Roaming\npm;
USERNAME=tapiwa
OS=Windows_NT
PROCESSOR_IDENTIFIER=Intel64 Family 6 Model 69 Stepping 1, GenuineIntel



---------------  S Y S T E M  ---------------

OS: Windows 10.0 , 64 bit Build 19041 (10.0.19041.1202)

CPU:total 4 (initial active 4) (2 cores per cpu, 2 threads per core) family 6 model 69 stepping 1, cmov, cx8, fxsr, mmx, sse, sse2, sse3, ssse3, sse4.1, sse4.2, popcnt, avx, avx2, aes, clmul, erms, lzcnt, ht, tsc, tscinvbit, bmi1, bmi2

Memory: 4k page, physical 4113488k(172844k free), swap 6866000k(0k free)

vm_info: OpenJDK 64-Bit Server VM (25.242-b01) for windows-amd64 JRE (1.8.0_242-release-1644-b01), built by "builder" with MS VC++ 10.0 (VS2010)

time: Sun Dec 26 15:04:54 2021
timezone: South Africa Standard Time
elapsed time: 211 seconds (0d 0h 3m 31s)

